C:\USERS\15061188\DOCUMENTS\VISUAL STUDIO 2010\PROJECTS\NAIVECOMPILER\DEBUG\NAIVECOMPLIER.EXE
C:\Users\15061188\Documents\Visual Studio 2010\Projects\naiveCompiler\Debug\naiveComplier.exe.manifest
C:\USERS\15061188\DOCUMENTS\VISUAL STUDIO 2010\PROJECTS\NAIVECOMPILER\DEBUG\NAIVECOMPLIER.ILK
C:\USERS\15061188\DOCUMENTS\VISUAL STUDIO 2010\PROJECTS\NAIVECOMPILER\DEBUG\NAIVECOMPLIER.PDB
C:\USERS\15061188\DOCUMENTS\VISUAL STUDIO 2010\PROJECTS\NAIVECOMPILER\NAIVECOMPLIER\DEBUG\ARRAY_TAB_ENTRY.OBJ
C:\USERS\15061188\DOCUMENTS\VISUAL STUDIO 2010\PROJECTS\NAIVECOMPILER\NAIVECOMPLIER\DEBUG\BASICBLOCKPOINT.OBJ
C:\Users\15061188\Documents\Visual Studio 2010\Projects\naiveCompiler\naiveComplier\Debug\cl.command.1.tlog
C:\Users\15061188\Documents\Visual Studio 2010\Projects\naiveCompiler\naiveComplier\Debug\CL.read.1.tlog
C:\Users\15061188\Documents\Visual Studio 2010\Projects\naiveCompiler\naiveComplier\Debug\CL.write.1.tlog
C:\USERS\15061188\DOCUMENTS\VISUAL STUDIO 2010\PROJECTS\NAIVECOMPILER\NAIVECOMPLIER\DEBUG\CONFLICTPOINT.OBJ
C:\USERS\15061188\DOCUMENTS\VISUAL STUDIO 2010\PROJECTS\NAIVECOMPILER\NAIVECOMPLIER\DEBUG\DAG_POINT.OBJ
C:\USERS\15061188\DOCUMENTS\VISUAL STUDIO 2010\PROJECTS\NAIVECOMPILER\NAIVECOMPLIER\DEBUG\FUNC_TAB_ENTRY.OBJ
C:\Users\15061188\Documents\Visual Studio 2010\Projects\naiveCompiler\naiveComplier\Debug\link.10036.read.1.tlog
C:\Users\15061188\Documents\Visual Studio 2010\Projects\naiveCompiler\naiveComplier\Debug\link.10036.write.1.tlog
C:\Users\15061188\Documents\Visual Studio 2010\Projects\naiveCompiler\naiveComplier\Debug\link.10144.read.1.tlog
C:\Users\15061188\Documents\Visual Studio 2010\Projects\naiveCompiler\naiveComplier\Debug\link.10144.write.1.tlog
C:\Users\15061188\Documents\Visual Studio 2010\Projects\naiveCompiler\naiveComplier\Debug\link.10760.read.1.tlog
C:\Users\15061188\Documents\Visual Studio 2010\Projects\naiveCompiler\naiveComplier\Debug\link.10760.write.1.tlog
C:\Users\15061188\Documents\Visual Studio 2010\Projects\naiveCompiler\naiveComplier\Debug\link.11348.read.1.tlog
C:\Users\15061188\Documents\Visual Studio 2010\Projects\naiveCompiler\naiveComplier\Debug\link.11348.write.1.tlog
C:\Users\15061188\Documents\Visual Studio 2010\Projects\naiveCompiler\naiveComplier\Debug\link.12652.read.1.tlog
C:\Users\15061188\Documents\Visual Studio 2010\Projects\naiveCompiler\naiveComplier\Debug\link.12652.write.1.tlog
C:\Users\15061188\Documents\Visual Studio 2010\Projects\naiveCompiler\naiveComplier\Debug\link.13504.read.1.tlog
C:\Users\15061188\Documents\Visual Studio 2010\Projects\naiveCompiler\naiveComplier\Debug\link.13504.write.1.tlog
C:\Users\15061188\Documents\Visual Studio 2010\Projects\naiveCompiler\naiveComplier\Debug\link.13996.read.1.tlog
C:\Users\15061188\Documents\Visual Studio 2010\Projects\naiveCompiler\naiveComplier\Debug\link.13996.write.1.tlog
C:\Users\15061188\Documents\Visual Studio 2010\Projects\naiveCompiler\naiveComplier\Debug\link.14204.read.1.tlog
C:\Users\15061188\Documents\Visual Studio 2010\Projects\naiveCompiler\naiveComplier\Debug\link.14204.write.1.tlog
C:\Users\15061188\Documents\Visual Studio 2010\Projects\naiveCompiler\naiveComplier\Debug\link.14396.read.1.tlog
C:\Users\15061188\Documents\Visual Studio 2010\Projects\naiveCompiler\naiveComplier\Debug\link.14396.write.1.tlog
C:\Users\15061188\Documents\Visual Studio 2010\Projects\naiveCompiler\naiveComplier\Debug\link.14776.read.1.tlog
C:\Users\15061188\Documents\Visual Studio 2010\Projects\naiveCompiler\naiveComplier\Debug\link.14776.write.1.tlog
C:\Users\15061188\Documents\Visual Studio 2010\Projects\naiveCompiler\naiveComplier\Debug\link.15320.read.1.tlog
C:\Users\15061188\Documents\Visual Studio 2010\Projects\naiveCompiler\naiveComplier\Debug\link.15320.write.1.tlog
C:\Users\15061188\Documents\Visual Studio 2010\Projects\naiveCompiler\naiveComplier\Debug\link.15760.read.1.tlog
C:\Users\15061188\Documents\Visual Studio 2010\Projects\naiveCompiler\naiveComplier\Debug\link.15760.write.1.tlog
C:\Users\15061188\Documents\Visual Studio 2010\Projects\naiveCompiler\naiveComplier\Debug\link.15812.read.1.tlog
C:\Users\15061188\Documents\Visual Studio 2010\Projects\naiveCompiler\naiveComplier\Debug\link.15812.write.1.tlog
C:\Users\15061188\Documents\Visual Studio 2010\Projects\naiveCompiler\naiveComplier\Debug\link.16180.read.1.tlog
C:\Users\15061188\Documents\Visual Studio 2010\Projects\naiveCompiler\naiveComplier\Debug\link.16180.write.1.tlog
C:\Users\15061188\Documents\Visual Studio 2010\Projects\naiveCompiler\naiveComplier\Debug\link.19504.read.1.tlog
C:\Users\15061188\Documents\Visual Studio 2010\Projects\naiveCompiler\naiveComplier\Debug\link.19504.write.1.tlog
C:\Users\15061188\Documents\Visual Studio 2010\Projects\naiveCompiler\naiveComplier\Debug\link.20664.read.1.tlog
C:\Users\15061188\Documents\Visual Studio 2010\Projects\naiveCompiler\naiveComplier\Debug\link.20664.write.1.tlog
C:\Users\15061188\Documents\Visual Studio 2010\Projects\naiveCompiler\naiveComplier\Debug\link.21164.read.1.tlog
C:\Users\15061188\Documents\Visual Studio 2010\Projects\naiveCompiler\naiveComplier\Debug\link.21164.write.1.tlog
C:\Users\15061188\Documents\Visual Studio 2010\Projects\naiveCompiler\naiveComplier\Debug\link.21528.read.1.tlog
C:\Users\15061188\Documents\Visual Studio 2010\Projects\naiveCompiler\naiveComplier\Debug\link.21528.write.1.tlog
C:\Users\15061188\Documents\Visual Studio 2010\Projects\naiveCompiler\naiveComplier\Debug\link.2296.read.1.tlog
C:\Users\15061188\Documents\Visual Studio 2010\Projects\naiveCompiler\naiveComplier\Debug\link.2296.write.1.tlog
C:\Users\15061188\Documents\Visual Studio 2010\Projects\naiveCompiler\naiveComplier\Debug\link.4148.read.1.tlog
C:\Users\15061188\Documents\Visual Studio 2010\Projects\naiveCompiler\naiveComplier\Debug\link.4148.write.1.tlog
C:\Users\15061188\Documents\Visual Studio 2010\Projects\naiveCompiler\naiveComplier\Debug\link.4944.read.1.tlog
C:\Users\15061188\Documents\Visual Studio 2010\Projects\naiveCompiler\naiveComplier\Debug\link.4944.write.1.tlog
C:\Users\15061188\Documents\Visual Studio 2010\Projects\naiveCompiler\naiveComplier\Debug\link.5780.read.1.tlog
C:\Users\15061188\Documents\Visual Studio 2010\Projects\naiveCompiler\naiveComplier\Debug\link.5780.write.1.tlog
C:\Users\15061188\Documents\Visual Studio 2010\Projects\naiveCompiler\naiveComplier\Debug\link.7440.read.1.tlog
C:\Users\15061188\Documents\Visual Studio 2010\Projects\naiveCompiler\naiveComplier\Debug\link.7440.write.1.tlog
C:\Users\15061188\Documents\Visual Studio 2010\Projects\naiveCompiler\naiveComplier\Debug\link.8108.read.1.tlog
C:\Users\15061188\Documents\Visual Studio 2010\Projects\naiveCompiler\naiveComplier\Debug\link.8108.write.1.tlog
C:\Users\15061188\Documents\Visual Studio 2010\Projects\naiveCompiler\naiveComplier\Debug\link.8296.read.1.tlog
C:\Users\15061188\Documents\Visual Studio 2010\Projects\naiveCompiler\naiveComplier\Debug\link.8296.write.1.tlog
C:\Users\15061188\Documents\Visual Studio 2010\Projects\naiveCompiler\naiveComplier\Debug\link.9444.read.1.tlog
C:\Users\15061188\Documents\Visual Studio 2010\Projects\naiveCompiler\naiveComplier\Debug\link.9444.write.1.tlog
C:\Users\15061188\Documents\Visual Studio 2010\Projects\naiveCompiler\naiveComplier\Debug\link.9856.read.1.tlog
C:\Users\15061188\Documents\Visual Studio 2010\Projects\naiveCompiler\naiveComplier\Debug\link.9856.write.1.tlog
C:\Users\15061188\Documents\Visual Studio 2010\Projects\naiveCompiler\naiveComplier\Debug\link.996.read.1.tlog
C:\Users\15061188\Documents\Visual Studio 2010\Projects\naiveCompiler\naiveComplier\Debug\link.996.write.1.tlog
C:\Users\15061188\Documents\Visual Studio 2010\Projects\naiveCompiler\naiveComplier\Debug\link.command.1.tlog
C:\Users\15061188\Documents\Visual Studio 2010\Projects\naiveCompiler\naiveComplier\Debug\link.read.1.tlog
C:\Users\15061188\Documents\Visual Studio 2010\Projects\naiveCompiler\naiveComplier\Debug\link.write.1.tlog
C:\USERS\15061188\DOCUMENTS\VISUAL STUDIO 2010\PROJECTS\NAIVECOMPILER\NAIVECOMPLIER\DEBUG\MAIN.OBJ
C:\USERS\15061188\DOCUMENTS\VISUAL STUDIO 2010\PROJECTS\NAIVECOMPILER\NAIVECOMPLIER\DEBUG\MIPS_CODE.OBJ
C:\Users\15061188\Documents\Visual Studio 2010\Projects\naiveCompiler\naiveComplier\Debug\mt.command.1.tlog
C:\Users\15061188\Documents\Visual Studio 2010\Projects\naiveCompiler\naiveComplier\Debug\mt.read.1.tlog
C:\Users\15061188\Documents\Visual Studio 2010\Projects\naiveCompiler\naiveComplier\Debug\mt.write.1.tlog
C:\USERS\15061188\DOCUMENTS\VISUAL STUDIO 2010\PROJECTS\NAIVECOMPILER\NAIVECOMPLIER\DEBUG\NAIVECOMPILER.OBJ
C:\USERS\15061188\DOCUMENTS\VISUAL STUDIO 2010\PROJECTS\NAIVECOMPILER\NAIVECOMPLIER\DEBUG\NAIVECOMPLIER.EXE.INTERMEDIATE.MANIFEST
C:\Users\15061188\Documents\Visual Studio 2010\Projects\naiveCompiler\naiveComplier\Debug\naiveComplier.vcxprojResolveAssemblyReference.cache
C:\Users\15061188\Documents\Visual Studio 2010\Projects\naiveCompiler\naiveComplier\Debug\naiveComplier.write.1.tlog
C:\USERS\15061188\DOCUMENTS\VISUAL STUDIO 2010\PROJECTS\NAIVECOMPILER\NAIVECOMPLIER\DEBUG\ONE_MID_CODE.OBJ
C:\USERS\15061188\DOCUMENTS\VISUAL STUDIO 2010\PROJECTS\NAIVECOMPILER\NAIVECOMPLIER\DEBUG\SYMBOL_RECORD.OBJ
C:\USERS\15061188\DOCUMENTS\VISUAL STUDIO 2010\PROJECTS\NAIVECOMPILER\NAIVECOMPLIER\DEBUG\TAB_ENTRY.OBJ
C:\Users\15061188\Documents\Visual Studio 2010\Projects\naiveCompiler\naiveComplier\Debug\vc100.idb
C:\USERS\15061188\DOCUMENTS\VISUAL STUDIO 2010\PROJECTS\NAIVECOMPILER\NAIVECOMPLIER\DEBUG\VC100.PDB
C:\USERS\15061188\DOCUMENTS\VISUAL STUDIO 2010\PROJECTS\NAIVECOMPLIER\DEBUG\NAIVECOMPLIER.EXE
C:\USERS\15061188\DOCUMENTS\VISUAL STUDIO 2010\PROJECTS\NAIVECOMPLIER\DEBUG\NAIVECOMPLIER.EXE.MANIFEST
C:\USERS\15061188\DOCUMENTS\VISUAL STUDIO 2010\PROJECTS\NAIVECOMPLIER\DEBUG\NAIVECOMPLIER.ILK
C:\USERS\15061188\DOCUMENTS\VISUAL STUDIO 2010\PROJECTS\NAIVECOMPLIER\DEBUG\NAIVECOMPLIER.PDB
C:\USERS\15061188\DOCUMENTS\VISUAL STUDIO 2010\PROJECTS\NAIVECOMPLIER\NAIVECOMPLIER\DEBUG\ARRAY_TAB_ENTRY.OBJ
C:\USERS\15061188\DOCUMENTS\VISUAL STUDIO 2010\PROJECTS\NAIVECOMPLIER\NAIVECOMPLIER\DEBUG\FUNC_TAB_ENTRY.OBJ
C:\USERS\15061188\DOCUMENTS\VISUAL STUDIO 2010\PROJECTS\NAIVECOMPLIER\NAIVECOMPLIER\DEBUG\MAIN.OBJ
C:\USERS\15061188\DOCUMENTS\VISUAL STUDIO 2010\PROJECTS\NAIVECOMPLIER\NAIVECOMPLIER\DEBUG\MIPS_CODE.OBJ
C:\USERS\15061188\DOCUMENTS\VISUAL STUDIO 2010\PROJECTS\NAIVECOMPLIER\NAIVECOMPLIER\DEBUG\NAIVECOMPILER.OBJ
C:\USERS\15061188\DOCUMENTS\VISUAL STUDIO 2010\PROJECTS\NAIVECOMPLIER\NAIVECOMPLIER\DEBUG\NAIVECOMPLIER.EXE.INTERMEDIATE.MANIFEST
C:\USERS\15061188\DOCUMENTS\VISUAL STUDIO 2010\PROJECTS\NAIVECOMPLIER\NAIVECOMPLIER\DEBUG\ONE_MID_CODE.OBJ
C:\USERS\15061188\DOCUMENTS\VISUAL STUDIO 2010\PROJECTS\NAIVECOMPLIER\NAIVECOMPLIER\DEBUG\SYMBOL_RECORD.OBJ
C:\USERS\15061188\DOCUMENTS\VISUAL STUDIO 2010\PROJECTS\NAIVECOMPLIER\NAIVECOMPLIER\DEBUG\TAB_ENTRY.OBJ
C:\USERS\15061188\DOCUMENTS\VISUAL STUDIO 2010\PROJECTS\NAIVECOMPLIER\NAIVECOMPLIER\DEBUG\VC100.PDB
